<?xml version="1.0" encoding="UTF-8"?>
<!-- Generated by org.testng.reporters.JUnitXMLReporter -->
<testsuite ignored="5" hostname="DESKTOP-KJC6B92" failures="2" tests="3" name="Test(failed)(failed)(failed)" time="0.083" errors="0" timestamp="2025-01-02T20:55:20 IST">
  <testcase classname="testPack1.TestClass5" name="m4" time="0.011"/>
  <testcase classname="testPack1.TestClass4" name="m1" time="0.005">
    <failure type="java.lang.AssertionError" message="null">
      <![CDATA[java.lang.AssertionError: null
at testPack1.TestClass4.m1(TestClass4.java:13)
at java.base/java.util.ArrayList.forEach(ArrayList.java:1511)
... Removed 29 stack frames]]>
    </failure>
  </testcase> <!-- m1 -->
  <testcase classname="testPack1.TestClass4" name="m7" time="0.001">
    <failure type="java.lang.AssertionError" message="null">
      <![CDATA[java.lang.AssertionError: null
at testPack1.TestClass4.m7(TestClass4.java:26)
at java.base/java.util.ArrayList.forEach(ArrayList.java:1511)
... Removed 29 stack frames]]>
    </failure>
  </testcase> <!-- m7 -->
  <testcase classname="testPack1.TestClass5" name="m3" time="0.0">
    <ignored/>
  </testcase> <!-- m3 -->
  <testcase classname="testPack1.TestClass4" name="m2" time="0.0">
    <ignored/>
  </testcase> <!-- m2 -->
  <testcase classname="testPack1.TestClass4" name="m10" time="0.0">
    <ignored/>
  </testcase> <!-- m10 -->
  <testcase classname="testPack1.TestClass4" name="m8" time="0.0">
    <ignored/>
  </testcase> <!-- m8 -->
  <testcase classname="testPack1.TestClass5" name="m6" time="0.0">
    <ignored/>
  </testcase> <!-- m6 -->
</testsuite> <!-- Test(failed)(failed)(failed) -->
