<?xml version="1.0" encoding="UTF-8"?>
<!-- Generated by org.testng.reporters.JUnitXMLReporter -->
<testsuite ignored="0" hostname="DESKTOP-KJC6B92" failures="1" tests="1" name="Test" time="0.088" errors="0" timestamp="2025-01-16T19:40:25 IST">
  <testcase classname="testPack1.ListenerTest" name="testCase1" time="0.015">
    <failure type="java.lang.AssertionError" message="null">
      <![CDATA[java.lang.AssertionError: null
at testPack1.ListenerTest.testCase1(ListenerTest.java:20)
at java.base/java.util.ArrayList.forEach(ArrayList.java:1511)
... Removed 29 stack frames]]>
    </failure>
  </testcase> <!-- testCase1 -->
</testsuite> <!-- Test -->
