<?xml version="1.0" encoding="UTF-8"?>
<!-- Generated by org.testng.reporters.JUnitXMLReporter -->
<testsuite ignored="0" hostname="DESKTOP-KJC6B92" failures="0" tests="4" name="Test" time="0.12" errors="0" timestamp="2024-12-30T20:08:40 IST">
  <testcase classname="testPack1.TestClass_3" name="testCase3" time="0.007"/>
  <testcase classname="testPack1.TestClass_3" name="testCase4" time="0.002"/>
  <testcase classname="testPack1.TestClass_2" name="testCase1" time="0.002"/>
  <testcase classname="testPack1.TestClass_2" name="testCase2" time="0.001"/>
</testsuite> <!-- Test -->
