<?xml version="1.0" encoding="UTF-8"?>
<testng-results ignored="0" total="2" passed="2" failed="0" skipped="0">
  <reporter-output>
  </reporter-output>
  <suite started-at="2025-01-21T20:43:35 IST" name="Default suite" finished-at="2025-01-21T20:44:39 IST" duration-ms="64163">
    <groups>
      <group name="cucumber">
        <method signature="AbstractTestNGCucumberTests.runScenario(io.cucumber.testng.PickleWrapper,io.cucumber.testng.FeatureWrapper)[pri:0, instance:testRunner.TestReunner@6a6cb05c]" name="runScenario" class="io.cucumber.testng.AbstractTestNGCucumberTests"/>
      </group> <!-- cucumber -->
    </groups>
    <test started-at="2025-01-21T20:43:35 IST" name="Default test" finished-at="2025-01-21T20:44:39 IST" duration-ms="64163">
      <class name="testRunner.TestReunner">
        <test-method is-config="true" signature="setUpClass(org.testng.ITestContext)[pri:0, instance:testRunner.TestReunner@6a6cb05c]" started-at="2025-01-21T20:43:35 IST" name="setUpClass" finished-at="2025-01-21T20:43:36 IST" duration-ms="542" status="PASS">
          <params>
            <param index="0">
              <value>
                <![CDATA[org.testng.TestRunner@11eed657]]>
              </value>
            </param>
          </params>
          <reporter-output>
          </reporter-output>
        </test-method> <!-- setUpClass -->
        <test-method signature="runScenario(io.cucumber.testng.PickleWrapper,io.cucumber.testng.FeatureWrapper)[pri:0, instance:testRunner.TestReunner@6a6cb05c]" started-at="2025-01-21T20:43:36 IST" name="runScenario" description="Runs Cucumber Scenarios" data-provider="scenarios" finished-at="2025-01-21T20:44:16 IST" duration-ms="40825" status="PASS">
          <params>
            <param index="0">
              <value>
                <![CDATA["Test Change Password functionality"]]>
              </value>
            </param>
            <param index="1">
              <value>
                <![CDATA["Change Password"]]>
              </value>
            </param>
          </params>
          <reporter-output>
          </reporter-output>
        </test-method> <!-- runScenario -->
        <test-method signature="runScenario(io.cucumber.testng.PickleWrapper,io.cucumber.testng.FeatureWrapper)[pri:0, instance:testRunner.TestReunner@6a6cb05c]" started-at="2025-01-21T20:44:16 IST" name="runScenario" description="Runs Cucumber Scenarios" data-provider="scenarios" finished-at="2025-01-21T20:44:39 IST" duration-ms="22695" status="PASS">
          <params>
            <param index="0">
              <value>
                <![CDATA["Test Notification button"]]>
              </value>
            </param>
            <param index="1">
              <value>
                <![CDATA["Notification"]]>
              </value>
            </param>
          </params>
          <reporter-output>
          </reporter-output>
        </test-method> <!-- runScenario -->
        <test-method is-config="true" signature="tearDownClass()[pri:0, instance:testRunner.TestReunner@6a6cb05c]" started-at="2025-01-21T20:44:39 IST" name="tearDownClass" finished-at="2025-01-21T20:44:39 IST" duration-ms="8" status="PASS">
          <reporter-output>
          </reporter-output>
        </test-method> <!-- tearDownClass -->
      </class> <!-- testRunner.TestReunner -->
    </test> <!-- Default test -->
  </suite> <!-- Default suite -->
</testng-results>
