<?xml version="1.0" encoding="UTF-8"?>
<!-- Generated by org.testng.reporters.JUnitXMLReporter -->
<testsuite ignored="0" hostname="DESKTOP-KJC6B92" failures="0" tests="4" name="TestCases_Practice2" time="0.032" errors="0" timestamp="2024-12-30T20:39:27 IST">
  <testcase classname="testPack1.TestClass_2" name="testCase1" time="0.004"/>
  <testcase classname="testPack1.TestClass_2" name="testCase2" time="0.002"/>
  <testcase classname="testPack1.TestClass_3" name="testCase3" time="0.003"/>
  <testcase classname="testPack1.TestClass_3" name="testCase4" time="0.005"/>
</testsuite> <!-- TestCases_Practice2 -->
