<?xml version="1.0" encoding="UTF-8"?>
<!-- Generated by org.testng.reporters.JUnitXMLReporter -->
<testsuite ignored="0" hostname="DESKTOP-KJC6B92" failures="0" tests="4" name="TestCases_Practice" time="0.087" errors="0" timestamp="2024-12-30T20:25:34 IST">
  <testcase classname="testPack1.TestClass_2" name="testCase1" time="0.009"/>
  <testcase classname="testPack1.TestClass_2" name="testCase2" time="0.002"/>
  <testcase classname="testPack1.TestClass_3" name="testCase3" time="0.001"/>
  <testcase classname="testPack1.TestClass_3" name="testCase4" time="0.001"/>
</testsuite> <!-- TestCases_Practice -->
