<?xml version="1.0" encoding="UTF-8"?>
<testng-results ignored="0" total="1" passed="1" failed="0" skipped="0">
  <reporter-output>
  </reporter-output>
  <suite started-at="2025-01-15T20:00:10 IST" name="Default suite" finished-at="2025-01-15T20:00:43 IST" duration-ms="32952">
    <groups>
    </groups>
    <test started-at="2025-01-15T20:00:10 IST" name="Default test" finished-at="2025-01-15T20:00:43 IST" duration-ms="32952">
      <class name="testSuits.ChangePasswordTestSuite">
        <test-method is-config="true" signature="launchBrowser()[pri:0, instance:testSuits.ChangePasswordTestSuite@4f2b503c]" started-at="2025-01-15T20:00:10 IST" name="launchBrowser" finished-at="2025-01-15T20:00:17 IST" duration-ms="7109" status="PASS">
          <reporter-output>
          </reporter-output>
        </test-method> <!-- launchBrowser -->
        <test-method is-config="true" signature="login()[pri:0, instance:testSuits.ChangePasswordTestSuite@4f2b503c]" started-at="2025-01-15T20:00:17 IST" name="login" finished-at="2025-01-15T20:00:20 IST" duration-ms="2546" status="PASS">
          <reporter-output>
          </reporter-output>
        </test-method> <!-- login -->
        <test-method signature="TC123_ChangePasswordTest()[pri:0, instance:testSuits.ChangePasswordTestSuite@4f2b503c]" started-at="2025-01-15T20:00:20 IST" name="TC123_ChangePasswordTest" finished-at="2025-01-15T20:00:40 IST" duration-ms="20333" status="PASS">
          <reporter-output>
          </reporter-output>
        </test-method> <!-- TC123_ChangePasswordTest -->
        <test-method is-config="true" signature="logout()[pri:0, instance:testSuits.ChangePasswordTestSuite@4f2b503c]" started-at="2025-01-15T20:00:40 IST" name="logout" finished-at="2025-01-15T20:00:41 IST" duration-ms="897" status="PASS">
          <reporter-output>
          </reporter-output>
        </test-method> <!-- logout -->
        <test-method is-config="true" signature="closeBrowser()[pri:0, instance:testSuits.ChangePasswordTestSuite@4f2b503c]" started-at="2025-01-15T20:00:41 IST" name="closeBrowser" finished-at="2025-01-15T20:00:43 IST" duration-ms="2013" status="PASS">
          <reporter-output>
          </reporter-output>
        </test-method> <!-- closeBrowser -->
      </class> <!-- testSuits.ChangePasswordTestSuite -->
    </test> <!-- Default test -->
  </suite> <!-- Default suite -->
</testng-results>
