<?xml version="1.0" encoding="UTF-8"?>
<testng-results ignored="0" total="1" passed="1" failed="0" skipped="0">
  <reporter-output>
  </reporter-output>
  <suite started-at="2025-01-06T21:35:00 IST" name="Default suite" finished-at="2025-01-06T21:35:08 IST" duration-ms="7778">
    <groups>
    </groups>
    <test started-at="2025-01-06T21:35:00 IST" name="Default test" finished-at="2025-01-06T21:35:08 IST" duration-ms="7778">
      <class name="testSuits.LoginTestSuite">
        <test-method is-config="true" signature="launchBrowser()[pri:0, instance:testSuits.LoginTestSuite@3e84448c]" started-at="2025-01-06T21:35:00 IST" name="launchBrowser" finished-at="2025-01-06T21:35:07 IST" duration-ms="7250" status="PASS">
          <reporter-output>
          </reporter-output>
        </test-method> <!-- launchBrowser -->
        <test-method signature="tc123_LoginTest()[pri:0, instance:testSuits.LoginTestSuite@3e84448c]" started-at="2025-01-06T21:35:07 IST" name="tc123_LoginTest" finished-at="2025-01-06T21:35:08 IST" duration-ms="480" status="PASS">
          <reporter-output>
          </reporter-output>
        </test-method> <!-- tc123_LoginTest -->
      </class> <!-- testSuits.LoginTestSuite -->
    </test> <!-- Default test -->
  </suite> <!-- Default suite -->
</testng-results>
