<?xml version="1.0" encoding="UTF-8"?>
<!-- Generated by org.testng.reporters.JUnitXMLReporter -->
<testsuite ignored="0" hostname="DESKTOP-KJC6B92" failures="1" tests="1" name="Test" time="33.354" errors="0" timestamp="2025-01-17T17:02:38 IST">
  <testcase classname="testSuits.ChangePasswordTestSuite" name="TC123_ChangePasswordTest" time="0.019">
    <failure type="java.lang.NoSuchMethodError" message="&amp;apos;java.lang.String org.testng.ITestResult.id()&amp;apos;">
      <![CDATA[java.lang.NoSuchMethodError: 'java.lang.String org.testng.ITestResult.id()'
at com.aventstack.chaintest.plugins.ChainTestListener.beforeInvocation(ChainTestListener.java:107)
at java.base/java.util.ArrayList.forEach(ArrayList.java:1511)
... Removed 24 stack frames]]>
    </failure>
  </testcase> <!-- TC123_ChangePasswordTest -->
</testsuite> <!-- Test -->
