<?xml version="1.0" encoding="UTF-8"?>
<!-- Generated by org.testng.reporters.JUnitXMLReporter -->
<testsuite ignored="1" hostname="DESKTOP-KJC6B92" failures="0" tests="2" name="Default test" time="0.091" errors="0" timestamp="2024-12-27T21:02:14 IST">
  <testcase classname="testPack1.TestClass_1" name="m1" time="0.015"/>
  <testcase classname="testPack1.TestClass_1" name="m4" time="0.002"/>
  <testcase classname="testPack1.TestClass_1" name="m2" time="0.0">
    <ignored/>
  </testcase> <!-- m2 -->
</testsuite> <!-- Default test -->
