<?xml version="1.0" encoding="UTF-8"?>
<testng-results ignored="1" total="3" passed="2" failed="0" skipped="0">
  <reporter-output>
  </reporter-output>
  <suite started-at="2024-12-27T21:02:14 IST" name="Default suite" finished-at="2024-12-27T21:02:14 IST" duration-ms="91">
    <groups>
    </groups>
    <test started-at="2024-12-27T21:02:14 IST" name="Default test" finished-at="2024-12-27T21:02:14 IST" duration-ms="91">
      <class name="testPack1.TestClass_1">
        <test-method signature="m1()[pri:2, instance:testPack1.TestClass_1@1bb266b3]" started-at="2024-12-27T21:02:14 IST" name="m1" finished-at="2024-12-27T21:02:14 IST" duration-ms="15" status="PASS">
          <reporter-output>
          </reporter-output>
        </test-method> <!-- m1 -->
        <test-method signature="m4()[pri:100, instance:testPack1.TestClass_1@1bb266b3]" started-at="2024-12-27T21:02:14 IST" name="m4" finished-at="2024-12-27T21:02:14 IST" duration-ms="2" status="PASS">
          <reporter-output>
          </reporter-output>
        </test-method> <!-- m4 -->
      </class> <!-- testPack1.TestClass_1 -->
    </test> <!-- Default test -->
  </suite> <!-- Default suite -->
</testng-results>
